\BOOKMARK [0][-]{chapter.1}{\376\377\000M\000A\000T\000\040\0002\0002\0008\000A\000\040\000C\000o\000m\000p\000u\000t\000i\000n\000g\000\040\000H\000o\000m\000e\000w\000o\000r\000k}{}% 1
\BOOKMARK [0][-]{chapter.2}{\376\377\000B\000u\000g\000\040\000L\000i\000s\000t}{}% 2
\BOOKMARK [0][-]{chapter.3}{\376\377\000C\000l\000a\000s\000s\000\040\000I\000n\000d\000e\000x}{}% 3
\BOOKMARK [1][-]{section.3.1}{\376\377\000C\000l\000a\000s\000s\000\040\000L\000i\000s\000t}{chapter.3}% 4
\BOOKMARK [0][-]{chapter.4}{\376\377\000F\000i\000l\000e\000\040\000I\000n\000d\000e\000x}{}% 5
\BOOKMARK [1][-]{section.4.1}{\376\377\000F\000i\000l\000e\000\040\000L\000i\000s\000t}{chapter.4}% 6
\BOOKMARK [0][-]{chapter.5}{\376\377\000C\000l\000a\000s\000s\000\040\000D\000o\000c\000u\000m\000e\000n\000t\000a\000t\000i\000o\000n}{}% 7
\BOOKMARK [1][-]{section.5.1}{\376\377\000F\000i\000n\000i\000t\000e\000\137\000G\000r\000i\000d\000\040\000C\000l\000a\000s\000s\000\040\000R\000e\000f\000e\000r\000e\000n\000c\000e}{chapter.5}% 8
\BOOKMARK [2][-]{subsection.5.1.1}{\376\377\000M\000e\000m\000b\000e\000r\000\040\000F\000u\000n\000c\000t\000i\000o\000n\000\040\000D\000o\000c\000u\000m\000e\000n\000t\000a\000t\000i\000o\000n}{section.5.1}% 9
\BOOKMARK [3][-]{subsubsection.5.1.1.1}{\376\377\000c\000o\000m\000p\000u\000t\000a\000t\000i\000o\000n}{subsection.5.1.1}% 10
\BOOKMARK [3][-]{subsubsection.5.1.1.2}{\376\377\000g\000e\000t\000\137\000a}{subsection.5.1.1}% 11
\BOOKMARK [3][-]{subsubsection.5.1.1.3}{\376\377\000g\000e\000t\000\137\000C\000F\000L}{subsection.5.1.1}% 12
\BOOKMARK [3][-]{subsubsection.5.1.1.4}{\376\377\000g\000e\000t\000\137\000i\000n\000i\000t\000i\000a\000l\000\137\000d\000a\000t\000a}{subsection.5.1.1}% 13
\BOOKMARK [3][-]{subsubsection.5.1.1.5}{\376\377\000g\000e\000t\000\137\000l\000o\000c\000a\000l\000\137\000M}{subsection.5.1.1}% 14
\BOOKMARK [3][-]{subsubsection.5.1.1.6}{\376\377\000g\000e\000t\000\137\000l\000o\000c\000a\000l\000\137\000s\000o\000l\000u\000t\000i\000o\000n\000\137\000d\000a\000t\000a}{subsection.5.1.1}% 15
\BOOKMARK [3][-]{subsubsection.5.1.1.7}{\376\377\000g\000e\000t\000\137\000M}{subsection.5.1.1}% 16
\BOOKMARK [3][-]{subsubsection.5.1.1.8}{\376\377\000g\000e\000t\000\137\000N}{subsection.5.1.1}% 17
\BOOKMARK [3][-]{subsubsection.5.1.1.9}{\376\377\000g\000e\000t\000\137\000s\000o\000l\000u\000t\000i\000o\000n\000\137\000d\000a\000t\000a}{subsection.5.1.1}% 18
\BOOKMARK [3][-]{subsubsection.5.1.1.10}{\376\377\000g\000e\000t\000\137\000T}{subsection.5.1.1}% 19
\BOOKMARK [3][-]{subsubsection.5.1.1.11}{\376\377\000i\000n\000i\000t\000i\000a\000l\000\137\000D\000a\000t\000a}{subsection.5.1.1}% 20
\BOOKMARK [3][-]{subsubsection.5.1.1.12}{\376\377\000i\000n\000i\000t\000i\000a\000l\000i\000z\000e\000\137\000G\000r\000i\000d}{subsection.5.1.1}% 21
\BOOKMARK [3][-]{subsubsection.5.1.1.13}{\376\377\000o\000p\000e\000r\000a\000t\000o\000r\000\050\000\051}{subsection.5.1.1}% 22
\BOOKMARK [3][-]{subsubsection.5.1.1.14}{\376\377\000o\000p\000e\000r\000a\000t\000o\000r\000=}{subsection.5.1.1}% 23
\BOOKMARK [2][-]{subsection.5.1.2}{\376\377\000M\000e\000m\000b\000e\000r\000\040\000D\000a\000t\000a\000\040\000D\000o\000c\000u\000m\000e\000n\000t\000a\000t\000i\000o\000n}{section.5.1}% 24
\BOOKMARK [3][-]{subsubsection.5.1.2.1}{\376\377\000a\000c\000c\000e\000s\000s\000e\000d\000\137\000l\000a\000s\000t}{subsection.5.1.2}% 25
\BOOKMARK [1][-]{section.5.2}{\376\377\000M\000e\000t\000h\000o\000d\000:\000:\000i\000n\000i\000t\000i\000a\000l\000\137\000c\000o\000n\000d\000i\000t\000i\000o\000n\000\040\000S\000t\000r\000u\000c\000t\000\040\000R\000e\000f\000e\000r\000e\000n\000c\000e}{chapter.5}% 26
\BOOKMARK [2][-]{subsection.5.2.1}{\376\377\000M\000e\000m\000b\000e\000r\000\040\000D\000a\000t\000a\000\040\000D\000o\000c\000u\000m\000e\000n\000t\000a\000t\000i\000o\000n}{section.5.2}% 27
\BOOKMARK [3][-]{subsubsection.5.2.1.1}{\376\377\000f\000u\000n\000c\000t\000i\000o\000n}{subsection.5.2.1}% 28
\BOOKMARK [3][-]{subsubsection.5.2.1.2}{\376\377\000n\000a\000m\000e}{subsection.5.2.1}% 29
\BOOKMARK [1][-]{section.5.3}{\376\377\000M\000e\000t\000h\000o\000d\000\040\000C\000l\000a\000s\000s\000\040\000R\000e\000f\000e\000r\000e\000n\000c\000e}{chapter.5}% 30
\BOOKMARK [2][-]{subsection.5.3.1}{\376\377\000M\000e\000m\000b\000e\000r\000\040\000T\000y\000p\000e\000d\000e\000f\000\040\000D\000o\000c\000u\000m\000e\000n\000t\000a\000t\000i\000o\000n}{section.5.3}% 31
\BOOKMARK [3][-]{subsubsection.5.3.1.1}{\376\377\000i\000n\000i\000t\000i\000a\000l\000\137\000c\000o\000n\000d\000i\000t\000i\000o\000n\000\137\000f\000u\000n\000c\000t\000i\000o\000n}{subsection.5.3.1}% 32
\BOOKMARK [3][-]{subsubsection.5.3.1.2}{\376\377\000m\000e\000t\000h\000o\000d\000\137\000f\000u\000n\000c\000t\000i\000o\000n}{subsection.5.3.1}% 33
\BOOKMARK [2][-]{subsection.5.3.2}{\376\377\000M\000e\000m\000b\000e\000r\000\040\000F\000u\000n\000c\000t\000i\000o\000n\000\040\000D\000o\000c\000u\000m\000e\000n\000t\000a\000t\000i\000o\000n}{section.5.3}% 34
\BOOKMARK [3][-]{subsubsection.5.3.2.1}{\376\377\000F\000C\000T}{subsection.5.3.2}% 35
\BOOKMARK [3][-]{subsubsection.5.3.2.2}{\376\377\000F\000r\000o\000m\000m}{subsection.5.3.2}% 36
\BOOKMARK [3][-]{subsubsection.5.3.2.3}{\376\377\000F\000v\000L}{subsection.5.3.2}% 37
\BOOKMARK [3][-]{subsubsection.5.3.2.4}{\376\377\000G\000a\000u\000s\000s\000i\000a\000n\000\137\000P\000u\000l\000s\000e}{subsection.5.3.2}% 38
\BOOKMARK [3][-]{subsubsection.5.3.2.5}{\376\377\000L\000F}{subsection.5.3.2}% 39
\BOOKMARK [3][-]{subsubsection.5.3.2.6}{\376\377\000L\000W}{subsection.5.3.2}% 40
\BOOKMARK [3][-]{subsubsection.5.3.2.7}{\376\377\000L\000W\0004}{subsection.5.3.2}% 41
\BOOKMARK [3][-]{subsubsection.5.3.2.8}{\376\377\000S\000e\000m\000i\000c\000i\000r\000c\000l\000e}{subsection.5.3.2}% 42
\BOOKMARK [3][-]{subsubsection.5.3.2.9}{\376\377\000S\000q\000u\000a\000r\000e\000\137\000W\000a\000v\000e}{subsection.5.3.2}% 43
\BOOKMARK [3][-]{subsubsection.5.3.2.10}{\376\377\000U\000p\000w\000i\000n\000d}{subsection.5.3.2}% 44
\BOOKMARK [2][-]{subsection.5.3.3}{\376\377\000M\000e\000m\000b\000e\000r\000\040\000D\000a\000t\000a\000\040\000D\000o\000c\000u\000m\000e\000n\000t\000a\000t\000i\000o\000n}{section.5.3}% 45
\BOOKMARK [3][-]{subsubsection.5.3.3.1}{\376\377\000F\000i\000n\000i\000t\000e\000\137\000G\000r\000i\000d}{subsection.5.3.3}% 46
\BOOKMARK [3][-]{subsubsection.5.3.3.2}{\376\377\000i\000n\000i\000t\000i\000a\000l\000\137\000c\000o\000n\000d\000i\000t\000i\000o\000n\000s}{subsection.5.3.3}% 47
\BOOKMARK [3][-]{subsubsection.5.3.3.3}{\376\377\000m\000e\000t\000h\000o\000d\000s}{subsection.5.3.3}% 48
\BOOKMARK [1][-]{section.5.4}{\376\377\000M\000e\000t\000h\000o\000d\000:\000:\000m\000e\000t\000h\000o\000d\000\040\000S\000t\000r\000u\000c\000t\000\040\000R\000e\000f\000e\000r\000e\000n\000c\000e}{chapter.5}% 49
\BOOKMARK [2][-]{subsection.5.4.1}{\376\377\000M\000e\000m\000b\000e\000r\000\040\000D\000a\000t\000a\000\040\000D\000o\000c\000u\000m\000e\000n\000t\000a\000t\000i\000o\000n}{section.5.4}% 50
\BOOKMARK [3][-]{subsubsection.5.4.1.1}{\376\377\000f\000u\000n\000c\000t\000i\000o\000n}{subsection.5.4.1}% 51
\BOOKMARK [3][-]{subsubsection.5.4.1.2}{\376\377\000n\000a\000m\000e}{subsection.5.4.1}% 52
\BOOKMARK [1][-]{section.5.5}{\376\377\000O\000u\000t\000p\000u\000t\000\040\000C\000l\000a\000s\000s\000\040\000R\000e\000f\000e\000r\000e\000n\000c\000e}{chapter.5}% 53
\BOOKMARK [2][-]{subsection.5.5.1}{\376\377\000M\000e\000m\000b\000e\000r\000\040\000T\000y\000p\000e\000d\000e\000f\000\040\000D\000o\000c\000u\000m\000e\000n\000t\000a\000t\000i\000o\000n}{section.5.5}% 54
\BOOKMARK [3][-]{subsubsection.5.5.1.1}{\376\377\000o\000u\000t\000p\000u\000t\000\137\000c\000o\000n\000t\000a\000i\000n\000e\000r}{subsection.5.5.1}% 55
\BOOKMARK [2][-]{subsection.5.5.2}{\376\377\000M\000e\000m\000b\000e\000r\000\040\000F\000u\000n\000c\000t\000i\000o\000n\000\040\000D\000o\000c\000u\000m\000e\000n\000t\000a\000t\000i\000o\000n}{section.5.5}% 56
\BOOKMARK [3][-]{subsubsection.5.5.2.1}{\376\377\000i\000n\000d\000e\000x\000\137\000o\000u\000t\000p\000u\000t\000\137\000t\000a\000b\000l\000e}{subsection.5.5.2}% 57
\BOOKMARK [3][-]{subsubsection.5.5.2.2}{\376\377\000p\000l\000o\000t}{subsection.5.5.2}% 58
\BOOKMARK [3][-]{subsubsection.5.5.2.3}{\376\377\000p\000l\000o\000t\000\137\000o\000n\000e}{subsection.5.5.2}% 59
\BOOKMARK [3][-]{subsubsection.5.5.2.4}{\376\377\000p\000r\000i\000n\000t\000\137\000o\000u\000t\000p\000u\000t\000\137\000t\000a\000b\000l\000e}{subsection.5.5.2}% 60
\BOOKMARK [3][-]{subsubsection.5.5.2.5}{\376\377\000p\000r\000i\000n\000t\000\137\000o\000u\000t\000p\000u\000t\000\137\000t\000a\000b\000l\000e\000\137\000l\000a\000t\000e\000x}{subsection.5.5.2}% 61
\BOOKMARK [3][-]{subsubsection.5.5.2.6}{\376\377\000p\000r\000o\000c\000e\000s\000s\000\137\000o\000u\000t\000p\000u\000t}{subsection.5.5.2}% 62
\BOOKMARK [1][-]{section.5.6}{\376\377\000O\000u\000t\000p\000u\000t\000:\000:\000o\000u\000t\000p\000u\000t\000\137\000d\000a\000t\000a\000\040\000S\000t\000r\000u\000c\000t\000\040\000R\000e\000f\000e\000r\000e\000n\000c\000e}{chapter.5}% 63
\BOOKMARK [2][-]{subsection.5.6.1}{\376\377\000M\000e\000m\000b\000e\000r\000\040\000D\000a\000t\000a\000\040\000D\000o\000c\000u\000m\000e\000n\000t\000a\000t\000i\000o\000n}{section.5.6}% 64
\BOOKMARK [3][-]{subsubsection.5.6.1.1}{\376\377\000c\000o\000n\000v\000e\000r\000g\000e\000n\000c\000e\000\137\000r\000a\000t\000e\000\137\0001\000\137\000n\000o\000r\000m}{subsection.5.6.1}% 65
\BOOKMARK [3][-]{subsubsection.5.6.1.2}{\376\377\000c\000o\000n\000v\000e\000r\000g\000e\000n\000c\000e\000\137\000r\000a\000t\000e\000\137\0002\000\137\000n\000o\000r\000m}{subsection.5.6.1}% 66
\BOOKMARK [3][-]{subsubsection.5.6.1.3}{\376\377\000c\000o\000n\000v\000e\000r\000g\000e\000n\000c\000e\000\137\000r\000a\000t\000e\000\137\000s\000u\000p\000\137\000n\000o\000r\000m}{subsection.5.6.1}% 67
\BOOKMARK [3][-]{subsubsection.5.6.1.4}{\376\377\000e\000r\000r\000o\000r\000\137\0001\000\137\000n\000o\000r\000m}{subsection.5.6.1}% 68
\BOOKMARK [3][-]{subsubsection.5.6.1.5}{\376\377\000e\000r\000r\000o\000r\000\137\0002\000\137\000n\000o\000r\000m}{subsection.5.6.1}% 69
\BOOKMARK [3][-]{subsubsection.5.6.1.6}{\376\377\000e\000r\000r\000o\000r\000\137\000s\000u\000p\000\137\000n\000o\000r\000m}{subsection.5.6.1}% 70
\BOOKMARK [3][-]{subsubsection.5.6.1.7}{\376\377\000k}{subsection.5.6.1}% 71
\BOOKMARK [0][-]{chapter.6}{\376\377\000F\000i\000l\000e\000\040\000D\000o\000c\000u\000m\000e\000n\000t\000a\000t\000i\000o\000n}{}% 72
\BOOKMARK [1][-]{section.6.1}{\376\377\000i\000n\000c\000l\000u\000d\000e\000/\000F\000i\000n\000i\000t\000e\000\137\000G\000r\000i\000d\000.\000h\000p\000p\000\040\000F\000i\000l\000e\000\040\000R\000e\000f\000e\000r\000e\000n\000c\000e}{chapter.6}% 73
\BOOKMARK [2][-]{subsection.6.1.1}{\376\377\000D\000e\000t\000a\000i\000l\000e\000d\000\040\000D\000e\000s\000c\000r\000i\000p\000t\000i\000o\000n}{section.6.1}% 74
\BOOKMARK [1][-]{section.6.2}{\376\377\000i\000n\000c\000l\000u\000d\000e\000/\000M\000e\000t\000h\000o\000d\000.\000h\000p\000p\000\040\000F\000i\000l\000e\000\040\000R\000e\000f\000e\000r\000e\000n\000c\000e}{chapter.6}% 75
\BOOKMARK [1][-]{section.6.3}{\376\377\000i\000n\000c\000l\000u\000d\000e\000/\000O\000u\000t\000p\000u\000t\000.\000h\000p\000p\000\040\000F\000i\000l\000e\000\040\000R\000e\000f\000e\000r\000e\000n\000c\000e}{chapter.6}% 76
\BOOKMARK [1][-]{section.6.4}{\376\377\000m\000a\000i\000n\000.\000c\000p\000p\000\040\000F\000i\000l\000e\000\040\000R\000e\000f\000e\000r\000e\000n\000c\000e}{chapter.6}% 77
\BOOKMARK [2][-]{subsection.6.4.1}{\376\377\000F\000u\000n\000c\000t\000i\000o\000n\000\040\000D\000o\000c\000u\000m\000e\000n\000t\000a\000t\000i\000o\000n}{section.6.4}% 78
\BOOKMARK [3][-]{subsubsection.6.4.1.1}{\376\377\000c\000o\000m\000p\000u\000t\000a\000t\000i\000o\000n}{subsection.6.4.1}% 79
\BOOKMARK [3][-]{subsubsection.6.4.1.2}{\376\377\000m\000a\000i\000n}{subsection.6.4.1}% 80
\BOOKMARK [1][-]{section.6.5}{\376\377\000s\000o\000u\000r\000c\000e\000/\000F\000i\000n\000i\000t\000e\000\137\000G\000r\000i\000d\000.\000c\000p\000p\000\040\000F\000i\000l\000e\000\040\000R\000e\000f\000e\000r\000e\000n\000c\000e}{chapter.6}% 81
\BOOKMARK [1][-]{section.6.6}{\376\377\000s\000o\000u\000r\000c\000e\000/\000M\000e\000t\000h\000o\000d\000.\000c\000p\000p\000\040\000F\000i\000l\000e\000\040\000R\000e\000f\000e\000r\000e\000n\000c\000e}{chapter.6}% 82
\BOOKMARK [1][-]{section.6.7}{\376\377\000s\000o\000u\000r\000c\000e\000/\000O\000u\000t\000p\000u\000t\000.\000c\000p\000p\000\040\000F\000i\000l\000e\000\040\000R\000e\000f\000e\000r\000e\000n\000c\000e}{chapter.6}% 83
\BOOKMARK [0][-]{section*.20}{\376\377\000I\000n\000d\000e\000x}{}% 84
